Using pre-set license
Built from '2022.3/staging' branch; Version is '2022.3.43f1 (85497d293fa1) revision 8735101'; Using compiler version '192829333'; Build Type 'Release'
OS: 'Windows 11  (10.0.22631) 64bit Core' Language: 'no' Physical Memory: 14198 MB
BatchMode: 1, IsHumanControllingUs: 0, StartBugReporterOnCrash: 0, Is64bit: 1, IsPro: 1

COMMAND LINE ARGUMENTS:
C:\Program Files\Unity\Hub\Editor\2022.3.43f1\Editor\Unity.exe
-adb2
-batchMode
-noUpm
-name
AssetImportWorker2
-projectPath
C:/Users/sande/Trying-out-for-rootless/Trying out for rootless
-logFile
Logs/AssetImportWorker2.log
-srvPort
51366
Successfully changed project path to: C:/Users/sande/Trying-out-for-rootless/Trying out for rootless
C:/Users/sande/Trying-out-for-rootless/Trying out for rootless
[UnityMemory] Configuration Parameters - Can be set up in boot.config
    "memorysetup-bucket-allocator-granularity=16"
    "memorysetup-bucket-allocator-bucket-count=8"
    "memorysetup-bucket-allocator-block-size=33554432"
    "memorysetup-bucket-allocator-block-count=8"
    "memorysetup-main-allocator-block-size=16777216"
    "memorysetup-thread-allocator-block-size=16777216"
    "memorysetup-gfx-main-allocator-block-size=16777216"
    "memorysetup-gfx-thread-allocator-block-size=16777216"
    "memorysetup-cache-allocator-block-size=4194304"
    "memorysetup-typetree-allocator-block-size=2097152"
    "memorysetup-profiler-bucket-allocator-granularity=16"
    "memorysetup-profiler-bucket-allocator-bucket-count=8"
    "memorysetup-profiler-bucket-allocator-block-size=33554432"
    "memorysetup-profiler-bucket-allocator-block-count=8"
    "memorysetup-profiler-allocator-block-size=16777216"
    "memorysetup-profiler-editor-allocator-block-size=1048576"
    "memorysetup-temp-allocator-size-main=16777216"
    "memorysetup-job-temp-allocator-block-size=2097152"
    "memorysetup-job-temp-allocator-block-size-background=1048576"
    "memorysetup-job-temp-allocator-reduction-small-platforms=262144"
    "memorysetup-allocator-temp-initial-block-size-main=262144"
    "memorysetup-allocator-temp-initial-block-size-worker=262144"
    "memorysetup-temp-allocator-size-background-worker=32768"
    "memorysetup-temp-allocator-size-job-worker=262144"
    "memorysetup-temp-allocator-size-preload-manager=33554432"
    "memorysetup-temp-allocator-size-nav-mesh-worker=65536"
    "memorysetup-temp-allocator-size-audio-worker=65536"
    "memorysetup-temp-allocator-size-cloud-worker=32768"
    "memorysetup-temp-allocator-size-gi-baking-worker=262144"
    "memorysetup-temp-allocator-size-gfx=262144"
Player connection [25696]  Target information:

Player connection [25696]  * "[IP] 192.168.227.1 [Port] 0 [Flags] 2 [Guid] 1244806437 [EditorId] 1244806437 [Version] 1048832 [Id] WindowsEditor(7,Lenovo1) [Debug] 1 [PackageName] WindowsEditor [ProjectName] Editor" 

Player connection [25696]  * "[IP] 192.168.40.1 [Port] 0 [Flags] 2 [Guid] 1244806437 [EditorId] 1244806437 [Version] 1048832 [Id] WindowsEditor(7,Lenovo1) [Debug] 1 [PackageName] WindowsEditor [ProjectName] Editor" 

Player connection [25696]  * "[IP] 172.29.78.88 [Port] 0 [Flags] 2 [Guid] 1244806437 [EditorId] 1244806437 [Version] 1048832 [Id] WindowsEditor(7,Lenovo1) [Debug] 1 [PackageName] WindowsEditor [ProjectName] Editor" 

Player connection [25696] Host joined multi-casting on [225.0.0.222:54997]...
Player connection [25696] Host joined alternative multi-casting on [225.0.0.222:34997]...
[PhysX] Initialized MultithreadedTaskDispatcher with 16 workers.
Refreshing native plugins compatible for Editor in 13.60 ms, found 3 plugins.
Preloading 0 native plugins for Editor in 0.00 ms.
Initialize engine version: 2022.3.43f1 (85497d293fa1)
[Subsystems] Discovering subsystems at path C:/Program Files/Unity/Hub/Editor/2022.3.43f1/Editor/Data/Resources/UnitySubsystems
[Subsystems] Discovering subsystems at path C:/Users/sande/Trying-out-for-rootless/Trying out for rootless/Assets
GfxDevice: creating device client; threaded=0; jobified=0
Direct3D:
    Version:  Direct3D 11.0 [level 11.1]
    Renderer: AMD Radeon(TM) Graphics (ID=0x1638)
    Vendor:   ATI
    VRAM:     7099 MB
    Driver:   31.0.12044.47003
Initialize mono
Mono path[0] = 'C:/Program Files/Unity/Hub/Editor/2022.3.43f1/Editor/Data/Managed'
Mono path[1] = 'C:/Program Files/Unity/Hub/Editor/2022.3.43f1/Editor/Data/MonoBleedingEdge/lib/mono/unityjit-win32'
Mono config path = 'C:/Program Files/Unity/Hub/Editor/2022.3.43f1/Editor/Data/MonoBleedingEdge/etc'
Using monoOptions --debugger-agent=transport=dt_socket,embedding=1,server=y,suspend=n,address=127.0.0.1:56752
Begin MonoManager ReloadAssembly
Registering precompiled unity dll's ...
Register platform support module: C:/Program Files/Unity/Hub/Editor/2022.3.43f1/Editor/Data/PlaybackEngines/WebGLSupport/UnityEditor.WebGL.Extensions.dll
Register platform support module: C:/Program Files/Unity/Hub/Editor/2022.3.43f1/Editor/Data/PlaybackEngines/WindowsStandaloneSupport/UnityEditor.WindowsStandalone.Extensions.dll
Registered in 0.015549 seconds.
- Loaded All Assemblies, in  0.569 seconds
Native extension for WindowsStandalone target not found
Native extension for WebGL target not found
Mono: successfully reloaded assembly
- Finished resetting the current domain, in  0.379 seconds
Domain Reload Profiling: 944ms
	BeginReloadAssembly (221ms)
		ExecutionOrderSort (0ms)
		DisableScriptedObjects (0ms)
		BackupInstance (0ms)
		ReleaseScriptingObjects (0ms)
		CreateAndSetChildDomain (1ms)
	RebuildCommonClasses (55ms)
	RebuildNativeTypeToScriptingClass (12ms)
	initialDomainReloadingComplete (86ms)
	LoadAllAssembliesAndSetupDomain (189ms)
		LoadAssemblies (217ms)
		RebuildTransferFunctionScriptingTraits (0ms)
		AnalyzeDomain (186ms)
			TypeCache.Refresh (184ms)
				TypeCache.ScanAssembly (167ms)
			ScanForSourceGeneratedMonoScriptInfo (0ms)
			ResolveRequiredComponents (1ms)
	FinalizeReload (379ms)
		ReleaseScriptCaches (0ms)
		RebuildScriptCaches (0ms)
		SetupLoadedEditorAssemblies (310ms)
			LogAssemblyErrors (0ms)
			InitializePlatformSupportModulesInManaged (16ms)
			SetLoadedEditorAssemblies (7ms)
			RefreshPlugins (0ms)
			BeforeProcessingInitializeOnLoad (3ms)
			ProcessInitializeOnLoadAttributes (195ms)
			ProcessInitializeOnLoadMethodAttributes (89ms)
			AfterProcessingInitializeOnLoad (0ms)
			EditorAssembliesLoaded (0ms)
		ExecutionOrderSort2 (0ms)
		AwakeInstancesAfterBackupRestoration (0ms)
========================================================================
Worker process is ready to serve import requests
Caller must complete domain reload
Begin MonoManager ReloadAssembly
Symbol file data-0000028F090C4430 doesn't match image C:\Users\sande\Trying-out-for-rootless\Trying out for rootless\Library\ScriptAssemblies\Unity.Timeline.dll
Symbol file LoadedFromMemory is not a mono symbol file
Symbol file data-0000028F07BC6030 doesn't match image C:\Users\sande\Trying-out-for-rootless\Trying out for rootless\Library\ScriptAssemblies\Unity.TestTools.CodeCoverage.Editor.OpenCover.Mono.Reflection.dll
Symbol file LoadedFromMemory is not a mono symbol file
Symbol file data-0000028F07F81E30 doesn't match image C:\Users\sande\Trying-out-for-rootless\Trying out for rootless\Library\ScriptAssemblies\UnityEngine.UI.dll
Symbol file LoadedFromMemory is not a mono symbol file
Symbol file data-0000028EE6350F70 doesn't match image C:\Users\sande\Trying-out-for-rootless\Trying out for rootless\Library\ScriptAssemblies\Unity.EditorCoroutines.Editor.dll
Symbol file LoadedFromMemory is not a mono symbol file
Symbol file data-0000028F07BC6030 doesn't match image C:\Users\sande\Trying-out-for-rootless\Trying out for rootless\Library\ScriptAssemblies\Unity.VisualScripting.SettingsProvider.Editor.dll
Symbol file LoadedFromMemory is not a mono symbol file
Symbol file data-0000028F07F81E30 doesn't match image C:\Users\sande\Trying-out-for-rootless\Trying out for rootless\Library\ScriptAssemblies\Unity.Performance.Profile-Analyzer.Editor.dll
Symbol file LoadedFromMemory is not a mono symbol file
Symbol file data-0000028F07BC6030 doesn't match image C:\Users\sande\Trying-out-for-rootless\Trying out for rootless\Library\ScriptAssemblies\Unity.TestTools.CodeCoverage.Editor.dll
Symbol file LoadedFromMemory is not a mono symbol file
Symbol file data-0000028F07BCCA40 doesn't match image C:\Users\sande\Trying-out-for-rootless\Trying out for rootless\Library\ScriptAssemblies\Unity.TestTools.CodeCoverage.Editor.OpenCover.Model.dll
Symbol file LoadedFromMemory is not a mono symbol file
Symbol file data-0000028F082F3010 doesn't match image C:\Users\sande\Trying-out-for-rootless\Trying out for rootless\Library\ScriptAssemblies\Unity.PlasticSCM.Editor.dll
Symbol file LoadedFromMemory is not a mono symbol file
Symbol file data-0000028F08192420 doesn't match image C:\Users\sande\Trying-out-for-rootless\Trying out for rootless\Library\ScriptAssemblies\UnityEngine.TestRunner.dll
Symbol file LoadedFromMemory is not a mono symbol file
Symbol file data-0000028F08192420 doesn't match image C:\Users\sande\Trying-out-for-rootless\Trying out for rootless\Library\ScriptAssemblies\Unity.VisualScripting.State.Editor.dll
Symbol file LoadedFromMemory is not a mono symbol file
Symbol file data-0000028F08469010 doesn't match image C:\Users\sande\Trying-out-for-rootless\Trying out for rootless\Library\ScriptAssemblies\Unity.Timeline.Editor.dll
Symbol file LoadedFromMemory is not a mono symbol file
Symbol file data-0000028F07BCCA40 doesn't match image C:\Users\sande\Trying-out-for-rootless\Trying out for rootless\Library\ScriptAssemblies\Unity.Settings.Editor.dll
Symbol file LoadedFromMemory is not a mono symbol file
Symbol file data-0000028F0819C830 doesn't match image C:\Users\sande\Trying-out-for-rootless\Trying out for rootless\Library\ScriptAssemblies\Unity.VisualScripting.Shared.Editor.dll
Symbol file LoadedFromMemory is not a mono symbol file
Symbol file data-0000028F0819C830 doesn't match image C:\Users\sande\Trying-out-for-rootless\Trying out for rootless\Library\ScriptAssemblies\Unity.CollabProxy.Editor.dll
Symbol file LoadedFromMemory is not a mono symbol file
Symbol file data-0000028EE54496A0 doesn't match image C:\Users\sande\Trying-out-for-rootless\Trying out for rootless\Library\ScriptAssemblies\Unity.VisualStudio.Editor.dll
Symbol file LoadedFromMemory is not a mono symbol file
Symbol file data-0000028F0830B820 doesn't match image C:\Users\sande\Trying-out-for-rootless\Trying out for rootless\Library\ScriptAssemblies\Unity.TextMeshPro.dll
Symbol file LoadedFromMemory is not a mono symbol file
Symbol file data-0000028F08469010 doesn't match image C:\Users\sande\Trying-out-for-rootless\Trying out for rootless\Library\ScriptAssemblies\Unity.VisualScripting.Core.dll
Symbol file LoadedFromMemory is not a mono symbol file
Symbol file data-0000028F08469010 doesn't match image C:\Users\sande\Trying-out-for-rootless\Trying out for rootless\Library\ScriptAssemblies\Unity.TextMeshPro.Editor.dll
Symbol file LoadedFromMemory is not a mono symbol file
Symbol file data-0000028EE54496A0 doesn't match image C:\Users\sande\Trying-out-for-rootless\Trying out for rootless\Library\ScriptAssemblies\UnityEditor.UI.dll
Symbol file LoadedFromMemory is not a mono symbol file
Symbol file data-0000028EE54BD490 doesn't match image C:\Users\sande\Trying-out-for-rootless\Trying out for rootless\Library\ScriptAssemblies\Unity.VisualScripting.Core.Editor.dll
Symbol file LoadedFromMemory is not a mono symbol file
Symbol file data-0000028F08480E20 doesn't match image C:\Users\sande\Trying-out-for-rootless\Trying out for rootless\Library\ScriptAssemblies\Unity.Rider.Editor.dll
Symbol file LoadedFromMemory is not a mono symbol file
Symbol file data-0000028F08480E20 doesn't match image C:\Users\sande\Trying-out-for-rootless\Trying out for rootless\Library\ScriptAssemblies\Unity.VisualScripting.State.dll
Symbol file LoadedFromMemory is not a mono symbol file
Symbol file data-0000028F0848CC30 doesn't match image C:\Users\sande\Trying-out-for-rootless\Trying out for rootless\Library\ScriptAssemblies\Unity.VSCode.Editor.dll
Symbol file LoadedFromMemory is not a mono symbol file
Symbol file data-0000028EE549C9C0 doesn't match image C:\Users\sande\Trying-out-for-rootless\Trying out for rootless\Library\ScriptAssemblies\UnityEditor.TestRunner.dll
Symbol file LoadedFromMemory is not a mono symbol file
Symbol file data-0000028F0821B010 doesn't match image C:\Users\sande\Trying-out-for-rootless\Trying out for rootless\Library\ScriptAssemblies\Unity.VisualScripting.Flow.dll
Symbol file LoadedFromMemory is not a mono symbol file
Symbol file data-0000028EE549C9C0 doesn't match image C:\Users\sande\Trying-out-for-rootless\Trying out for rootless\Library\ScriptAssemblies\Unity.VisualScripting.Flow.Editor.dll
Symbol file LoadedFromMemory is not a mono symbol file
- Loaded All Assemblies, in  1.117 seconds
Native extension for WindowsStandalone target not found
Native extension for WebGL target not found
Package Manager log level set to [2]
[Package Manager] Server::EnsureServerProcessIsRunning -- launch failed, reason: Unity was launched with the -noUpm command-line argument
[Package Manager] UpmClient::Send -- Unable to send message (not connected to UPM process).
[Package Manager] Cannot connect to Unity Package Manager local server
Mono: successfully reloaded assembly
- Finished resetting the current domain, in  1.004 seconds
Domain Reload Profiling: 2116ms
	BeginReloadAssembly (234ms)
		ExecutionOrderSort (0ms)
		DisableScriptedObjects (6ms)
		BackupInstance (0ms)
		ReleaseScriptingObjects (0ms)
		CreateAndSetChildDomain (32ms)
	RebuildCommonClasses (50ms)
	RebuildNativeTypeToScriptingClass (19ms)
	initialDomainReloadingComplete (73ms)
	LoadAllAssembliesAndSetupDomain (734ms)
		LoadAssemblies (631ms)
		RebuildTransferFunctionScriptingTraits (0ms)
		AnalyzeDomain (249ms)
			TypeCache.Refresh (222ms)
				TypeCache.ScanAssembly (200ms)
			ScanForSourceGeneratedMonoScriptInfo (19ms)
			ResolveRequiredComponents (6ms)
	FinalizeReload (1005ms)
		ReleaseScriptCaches (0ms)
		RebuildScriptCaches (0ms)
		SetupLoadedEditorAssemblies (796ms)
			LogAssemblyErrors (0ms)
			InitializePlatformSupportModulesInManaged (11ms)
			SetLoadedEditorAssemblies (8ms)
			RefreshPlugins (0ms)
			BeforeProcessingInitializeOnLoad (105ms)
			ProcessInitializeOnLoadAttributes (622ms)
			ProcessInitializeOnLoadMethodAttributes (37ms)
			AfterProcessingInitializeOnLoad (13ms)
			EditorAssembliesLoaded (0ms)
		ExecutionOrderSort2 (0ms)
		AwakeInstancesAfterBackupRestoration (10ms)
Launched and connected shader compiler UnityShaderCompiler.exe after 0.12 seconds
Refreshing native plugins compatible for Editor in 7.74 ms, found 3 plugins.
Preloading 0 native plugins for Editor in 0.00 ms.
Unloading 3091 Unused Serialized files (Serialized files now loaded: 0)
Unloading 19 unused Assets / (54.5 KB). Loaded Objects now: 3557.
Memory consumption went from 119.9 MB to 119.8 MB.
Total: 6.069300 ms (FindLiveObjects: 0.521600 ms CreateObjectMapping: 0.150100 ms MarkObjects: 5.158800 ms  DeleteObjects: 0.236500 ms)

AssetImportParameters requested are different than current active one (requested -> active):
  custom:container-demuxer-ogg: 62fdf1f143b41e24485cea50d1cbac27 -> 
  custom:video-codec-MediaFoundation-h265: 746d11721c4dcdbdad8f713fa42b33f4 -> 
  custom:video-decoder-ogg-theora: a1e56fd34408186e4bbccfd4996cb3dc -> 
  custom:framework-win-MediaFoundation: 216162199b28c13a410421893ffa2e32 -> 
  custom:CustomObjectIndexerAttribute: 9a22284fe3817be447336de3de66b15e -> 
  custom:container-demuxer-webm: 4f35f7cbe854078d1ac9338744f61a02 -> 
  custom:container-muxer-webm: aa71ff27fc2769a1b78a27578f13a17b -> 
  custom:video-decoder-webm-vp8: 9c59270c3fd7afecdb556c50c9e8de78 -> 
  custom:SearchIndexIgnoredProperties: e643bd26f0fe6173181afceb89e7c659 -> 
  custom:AudioImporter_EditorPlatform: d09bf68614088b80899f8185d706f6e7 -> 
  custom:video-encoder-webm-vp8: eb34c28f22e8b96e1ab97ce403110664 -> 
  custom:audio-decoder-ogg-vorbis: bf7c407c2cedff20999df2af8eb42d56 -> 
  custom:audio-encoder-webm-vorbis: bf7c407c2cedff20999df2af8eb42d56 -> 
========================================================================
Received Import Request.
  Time since last request: 1203446.104102 seconds.
  path: Assets/Exterior_props/ShedProps/TheGamingPeople/Courtyard_and_Entrance/Entry2/Entry 2 Modular FBX/HangingCandleStick/HangingCandlestickTextures/Emissiv_AO.png
  artifactKey: Guid(418fe8a3544df7e4483064281340704b) Importer(815301076,1909f56bfc062723c751e8b465ee728b)
Start importing Assets/Exterior_props/ShedProps/TheGamingPeople/Courtyard_and_Entrance/Entry2/Entry 2 Modular FBX/HangingCandleStick/HangingCandlestickTextures/Emissiv_AO.png using Guid(418fe8a3544df7e4483064281340704b) Importer(815301076,1909f56bfc062723c751e8b465ee728b) [PhysX] Initialized MultithreadedTaskDispatcher with 16 workers.
[PhysX] Initialized MultithreadedTaskDispatcher with 16 workers.
 -> (artifact id: '3f4c0009848b736ec0fed5fb0d36428a') in 0.112506 seconds
Number of updated asset objects reloaded before import = 0
Number of asset objects unloaded after import = 2
========================================================================
Received Import Request.
  Time since last request: 0.000044 seconds.
  path: Assets/Exterior_props/ShedProps/TheGamingPeople/Courtyard_and_Entrance/Entry2/Entry 2 Modular FBX/HangingCandleStick/HangingCandlestickTextures/Glass_Normal.png
  artifactKey: Guid(3aa2234220fd2844592e5e755806e55b) Importer(815301076,1909f56bfc062723c751e8b465ee728b)
Start importing Assets/Exterior_props/ShedProps/TheGamingPeople/Courtyard_and_Entrance/Entry2/Entry 2 Modular FBX/HangingCandleStick/HangingCandlestickTextures/Glass_Normal.png using Guid(3aa2234220fd2844592e5e755806e55b) Importer(815301076,1909f56bfc062723c751e8b465ee728b) [PhysX] Initialized MultithreadedTaskDispatcher with 16 workers.
[PhysX] Initialized MultithreadedTaskDispatcher with 16 workers.
 -> (artifact id: 'edf02c9988f4e3aa395e861be11fc030') in 0.025266 seconds
Number of updated asset objects reloaded before import = 0
Number of asset objects unloaded after import = 2
========================================================================
Received Import Request.
  Time since last request: 0.000025 seconds.
  path: Assets/Exterior_props/ShedProps/TheGamingPeople/Courtyard_and_Entrance/Entry2/Entry 2 Modular FBX/HangingCandleStick/HangingCandlestickTextures/Emissiv_Normal.png
  artifactKey: Guid(1a73f9fb9744c2c4d9afcc7a2ca8cf87) Importer(815301076,1909f56bfc062723c751e8b465ee728b)
Start importing Assets/Exterior_props/ShedProps/TheGamingPeople/Courtyard_and_Entrance/Entry2/Entry 2 Modular FBX/HangingCandleStick/HangingCandlestickTextures/Emissiv_Normal.png using Guid(1a73f9fb9744c2c4d9afcc7a2ca8cf87) Importer(815301076,1909f56bfc062723c751e8b465ee728b) [PhysX] Initialized MultithreadedTaskDispatcher with 16 workers.
[PhysX] Initialized MultithreadedTaskDispatcher with 16 workers.
 -> (artifact id: '82752764612978e3199abaf5f9bc5250') in 0.029004 seconds
Number of updated asset objects reloaded before import = 0
Number of asset objects unloaded after import = 2
========================================================================
Received Import Request.
  Time since last request: 0.000046 seconds.
  path: Assets/Exterior_props/ShedProps/TheGamingPeople/Courtyard_and_Entrance/Entry2/Entry 2 Modular FBX/HangingCandleStick/HangingCandlestickTextures/Glass_MetallicSmoothness.png
  artifactKey: Guid(5752faba51eb2de4aa70b863fb762a86) Importer(815301076,1909f56bfc062723c751e8b465ee728b)
Start importing Assets/Exterior_props/ShedProps/TheGamingPeople/Courtyard_and_Entrance/Entry2/Entry 2 Modular FBX/HangingCandleStick/HangingCandlestickTextures/Glass_MetallicSmoothness.png using Guid(5752faba51eb2de4aa70b863fb762a86) Importer(815301076,1909f56bfc062723c751e8b465ee728b) [PhysX] Initialized MultithreadedTaskDispatcher with 16 workers.
[PhysX] Initialized MultithreadedTaskDispatcher with 16 workers.
 -> (artifact id: 'afeff727994aae7d160934debea345d4') in 0.084912 seconds
Number of updated asset objects reloaded before import = 0
Number of asset objects unloaded after import = 2
========================================================================
Received Import Request.
  Time since last request: 30.686773 seconds.
  path: Assets/Exterior_props/ShedProps/TheGamingPeople/Courtyard_and_Entrance/Entry2/Entry 2 Modular FBX/Pillar/Entry 2 Pillar.fbx
  artifactKey: Guid(1c7e1b873bce64d429f33e255e13bafb) Importer(815301076,1909f56bfc062723c751e8b465ee728b)
Start importing Assets/Exterior_props/ShedProps/TheGamingPeople/Courtyard_and_Entrance/Entry2/Entry 2 Modular FBX/Pillar/Entry 2 Pillar.fbx using Guid(1c7e1b873bce64d429f33e255e13bafb) Importer(815301076,1909f56bfc062723c751e8b465ee728b) [PhysX] Initialized MultithreadedTaskDispatcher with 16 workers.
[PhysX] Initialized MultithreadedTaskDispatcher with 16 workers.
[PhysX] Initialized MultithreadedTaskDispatcher with 16 workers.
 -> (artifact id: '0eec333982b9dfe7693c5a32a7f7a35b') in 0.166272 seconds
Number of updated asset objects reloaded before import = 0
Number of asset objects unloaded after import = 12
========================================================================
Received Import Request.
  Time since last request: 13.761344 seconds.
  path: Assets/Exterior_props/ShedProps/TheGamingPeople/Courtyard_and_Entrance/Entry2/Entry 2 Modular FBX/Pillar/Pillar Texture
  artifactKey: Guid(e9a8fb6b3e538a64894603eea9d2c752) Importer(815301076,1909f56bfc062723c751e8b465ee728b)
Start importing Assets/Exterior_props/ShedProps/TheGamingPeople/Courtyard_and_Entrance/Entry2/Entry 2 Modular FBX/Pillar/Pillar Texture using Guid(e9a8fb6b3e538a64894603eea9d2c752) Importer(815301076,1909f56bfc062723c751e8b465ee728b) [PhysX] Initialized MultithreadedTaskDispatcher with 16 workers.
 -> (artifact id: '3bf03c37866e91e19232580e2ce105d2') in 0.000776 seconds
Number of updated asset objects reloaded before import = 0
Number of asset objects unloaded after import = 0
========================================================================
Received Import Request.
  Time since last request: 0.028920 seconds.
  path: Assets/Exterior_props/ShedProps/TheGamingPeople/Courtyard_and_Entrance/Entry2/Entry 2 Modular FBX/Pillar/Pillar Texture/Entry 2 Pilar_Pilars_AlbedoTransparency.png
  artifactKey: Guid(a7d0c53b6d0da434a83878af6fd4ca1f) Importer(815301076,1909f56bfc062723c751e8b465ee728b)
Start importing Assets/Exterior_props/ShedProps/TheGamingPeople/Courtyard_and_Entrance/Entry2/Entry 2 Modular FBX/Pillar/Pillar Texture/Entry 2 Pilar_Pilars_AlbedoTransparency.png using Guid(a7d0c53b6d0da434a83878af6fd4ca1f) Importer(815301076,1909f56bfc062723c751e8b465ee728b) [PhysX] Initialized MultithreadedTaskDispatcher with 16 workers.
[PhysX] Initialized MultithreadedTaskDispatcher with 16 workers.
 -> (artifact id: 'a83390e76ff96499637312fdf1c31f1c') in 0.028337 seconds
Number of updated asset objects reloaded before import = 0
Number of asset objects unloaded after import = 2
========================================================================
Received Import Request.
  Time since last request: 2.525787 seconds.
  path: Assets/Exterior_props/ShedProps/TheGamingPeople/Courtyard_and_Entrance/Entry2/Entry 2 Modular FBX/SmallWood/Entry 2 Small Wood.fbx
  artifactKey: Guid(a0e304a9f87bae544b9342774ed23ae7) Importer(815301076,1909f56bfc062723c751e8b465ee728b)
Start importing Assets/Exterior_props/ShedProps/TheGamingPeople/Courtyard_and_Entrance/Entry2/Entry 2 Modular FBX/SmallWood/Entry 2 Small Wood.fbx using Guid(a0e304a9f87bae544b9342774ed23ae7) Importer(815301076,1909f56bfc062723c751e8b465ee728b) [PhysX] Initialized MultithreadedTaskDispatcher with 16 workers.
[PhysX] Initialized MultithreadedTaskDispatcher with 16 workers.
[PhysX] Initialized MultithreadedTaskDispatcher with 16 workers.
 -> (artifact id: '2ff9b73e21e66f862cd4fab913a02f3d') in 0.046269 seconds
Number of updated asset objects reloaded before import = 0
Number of asset objects unloaded after import = 12
========================================================================
Received Import Request.
  Time since last request: 4.450233 seconds.
  path: Assets/Exterior_props/ShedProps/TheGamingPeople/Courtyard_and_Entrance/Entry2/Entry 2 Modular FBX/Walls/Entry 2 Wall 1.fbx
  artifactKey: Guid(4043c5f8db544d946ad136d42f31afc4) Importer(815301076,1909f56bfc062723c751e8b465ee728b)
Start importing Assets/Exterior_props/ShedProps/TheGamingPeople/Courtyard_and_Entrance/Entry2/Entry 2 Modular FBX/Walls/Entry 2 Wall 1.fbx using Guid(4043c5f8db544d946ad136d42f31afc4) Importer(815301076,1909f56bfc062723c751e8b465ee728b) [PhysX] Initialized MultithreadedTaskDispatcher with 16 workers.
[PhysX] Initialized MultithreadedTaskDispatcher with 16 workers.
[PhysX] Initialized MultithreadedTaskDispatcher with 16 workers.
 -> (artifact id: '9ecec26e8fe0052aa836b12edbefdf3d') in 0.051242 seconds
Number of updated asset objects reloaded before import = 0
Number of asset objects unloaded after import = 12
========================================================================
Received Import Request.
  Time since last request: 0.000034 seconds.
  path: Assets/Exterior_props/ShedProps/TheGamingPeople/Courtyard_and_Entrance/Entry2/Entry 2 Modular FBX/Walls/Wall 1.mat
  artifactKey: Guid(ed81f337c511ffb4fb4f4d6a34f18afb) Importer(815301076,1909f56bfc062723c751e8b465ee728b)
Start importing Assets/Exterior_props/ShedProps/TheGamingPeople/Courtyard_and_Entrance/Entry2/Entry 2 Modular FBX/Walls/Wall 1.mat using Guid(ed81f337c511ffb4fb4f4d6a34f18afb) Importer(815301076,1909f56bfc062723c751e8b465ee728b) [PhysX] Initialized MultithreadedTaskDispatcher with 16 workers.
[PhysX] Initialized MultithreadedTaskDispatcher with 16 workers.
 -> (artifact id: 'd4bfcf869d1d5d67f9fc1251d8c1550a') in 0.053387 seconds
Number of updated asset objects reloaded before import = 0
Number of asset objects unloaded after import = 5
========================================================================
Received Import Request.
  Time since last request: 0.000030 seconds.
  path: Assets/Exterior_props/ShedProps/TheGamingPeople/Courtyard_and_Entrance/Entry2/Entry 2 Modular FBX/Walls/Wall 3.mat
  artifactKey: Guid(b8880038dd744094eb51094c04c0e66e) Importer(815301076,1909f56bfc062723c751e8b465ee728b)
Start importing Assets/Exterior_props/ShedProps/TheGamingPeople/Courtyard_and_Entrance/Entry2/Entry 2 Modular FBX/Walls/Wall 3.mat using Guid(b8880038dd744094eb51094c04c0e66e) Importer(815301076,1909f56bfc062723c751e8b465ee728b) [PhysX] Initialized MultithreadedTaskDispatcher with 16 workers.
[PhysX] Initialized MultithreadedTaskDispatcher with 16 workers.
 -> (artifact id: 'bd8beb957d55a41e379f1fc9d44ea713') in 0.266963 seconds
Number of updated asset objects reloaded before import = 0
Number of asset objects unloaded after import = 4
========================================================================
Received Import Request.
  Time since last request: 16.046009 seconds.
  path: Assets/Exterior_props/ShedProps/TheGamingPeople/Courtyard_and_Entrance/CompleteDemo.playable
  artifactKey: Guid(f46149ab228ba9a44b5dc3b716533673) Importer(815301076,1909f56bfc062723c751e8b465ee728b)
Start importing Assets/Exterior_props/ShedProps/TheGamingPeople/Courtyard_and_Entrance/CompleteDemo.playable using Guid(f46149ab228ba9a44b5dc3b716533673) Importer(815301076,1909f56bfc062723c751e8b465ee728b) [PhysX] Initialized MultithreadedTaskDispatcher with 16 workers.
 -> (artifact id: '59212ccab660a7367e949bdc15571dc7') in 0.011376 seconds
Number of updated asset objects reloaded before import = 0
Number of asset objects unloaded after import = 8
========================================================================
Received Import Request.
  Time since last request: 25.410716 seconds.
  path: Assets/Exterior_props/ShedProps/TheGamingPeople/ShedBridgeTools_and_Fences/Prefabs/Axe 1.prefab
  artifactKey: Guid(9cab7697c66aece498d729b4a64241fe) Importer(815301076,1909f56bfc062723c751e8b465ee728b)
Start importing Assets/Exterior_props/ShedProps/TheGamingPeople/ShedBridgeTools_and_Fences/Prefabs/Axe 1.prefab using Guid(9cab7697c66aece498d729b4a64241fe) Importer(815301076,1909f56bfc062723c751e8b465ee728b) [PhysX] Initialized MultithreadedTaskDispatcher with 16 workers.
[PhysX] Initialized MultithreadedTaskDispatcher with 16 workers.
 -> (artifact id: 'ca61ff0c5624c0fb54327892280b5c5b') in 0.048375 seconds
Number of updated asset objects reloaded before import = 0
Number of asset objects unloaded after import = 15
========================================================================
Received Import Request.
  Time since last request: 0.000049 seconds.
  path: Assets/Exterior_props/ShedProps/TheGamingPeople/ShedBridgeTools_and_Fences/Prefabs/BridgePartAllLOD.prefab
  artifactKey: Guid(04d1d82e2f5f1d4469b5a60ed8ab97ba) Importer(815301076,1909f56bfc062723c751e8b465ee728b)
Start importing Assets/Exterior_props/ShedProps/TheGamingPeople/ShedBridgeTools_and_Fences/Prefabs/BridgePartAllLOD.prefab using Guid(04d1d82e2f5f1d4469b5a60ed8ab97ba) Importer(815301076,1909f56bfc062723c751e8b465ee728b) [PhysX] Initialized MultithreadedTaskDispatcher with 16 workers.
[PhysX] Initialized MultithreadedTaskDispatcher with 16 workers.
 -> (artifact id: 'afd445ca3d2e65d54b565d6087239d8b') in 0.399075 seconds
Number of updated asset objects reloaded before import = 0
Number of asset objects unloaded after import = 107
========================================================================
Received Import Request.
  Time since last request: 0.000148 seconds.
  path: Assets/Exterior_props/ShedProps/TheGamingPeople/ShedBridgeTools_and_Fences/Prefabs/Hammer2.prefab
  artifactKey: Guid(7c21bc16125c0394f816b22450955d50) Importer(815301076,1909f56bfc062723c751e8b465ee728b)
Start importing Assets/Exterior_props/ShedProps/TheGamingPeople/ShedBridgeTools_and_Fences/Prefabs/Hammer2.prefab using Guid(7c21bc16125c0394f816b22450955d50) Importer(815301076,1909f56bfc062723c751e8b465ee728b) [PhysX] Initialized MultithreadedTaskDispatcher with 16 workers.
[PhysX] Initialized MultithreadedTaskDispatcher with 16 workers.
 -> (artifact id: 'ca139e97b58e98d1d5981488715b833d') in 0.083156 seconds
Number of updated asset objects reloaded before import = 0
Number of asset objects unloaded after import = 13
========================================================================
Received Import Request.
  Time since last request: 0.000041 seconds.
  path: Assets/Exterior_props/ShedProps/TheGamingPeople/ShedBridgeTools_and_Fences/Prefabs/GlassSpray.prefab
  artifactKey: Guid(318a7a800b8ccc14ea98ef0a7e067199) Importer(815301076,1909f56bfc062723c751e8b465ee728b)
Start importing Assets/Exterior_props/ShedProps/TheGamingPeople/ShedBridgeTools_and_Fences/Prefabs/GlassSpray.prefab using Guid(318a7a800b8ccc14ea98ef0a7e067199) Importer(815301076,1909f56bfc062723c751e8b465ee728b) [PhysX] Initialized MultithreadedTaskDispatcher with 16 workers.
[PhysX] Initialized MultithreadedTaskDispatcher with 16 workers.
 -> (artifact id: '6083e7c5b660f678452f7b06e857aa70') in 0.088053 seconds
Number of updated asset objects reloaded before import = 0
Number of asset objects unloaded after import = 15
========================================================================
Received Import Request.
  Time since last request: 0.000099 seconds.
  path: Assets/Exterior_props/ShedProps/TheGamingPeople/ShedBridgeTools_and_Fences/Prefabs/Fence5.prefab
  artifactKey: Guid(43a17864c509699478646582a6a377c0) Importer(815301076,1909f56bfc062723c751e8b465ee728b)
Start importing Assets/Exterior_props/ShedProps/TheGamingPeople/ShedBridgeTools_and_Fences/Prefabs/Fence5.prefab using Guid(43a17864c509699478646582a6a377c0) Importer(815301076,1909f56bfc062723c751e8b465ee728b) [PhysX] Initialized MultithreadedTaskDispatcher with 16 workers.
[PhysX] Initialized MultithreadedTaskDispatcher with 16 workers.
 -> (artifact id: 'c09e53b4d5302ff47ddcdd074045fde2') in 0.082316 seconds
Number of updated asset objects reloaded before import = 0
Number of asset objects unloaded after import = 15
========================================================================
Received Import Request.
  Time since last request: 0.000025 seconds.
  path: Assets/Exterior_props/ShedProps/TheGamingPeople/ShedBridgeTools_and_Fences/Prefabs/Fence3.prefab
  artifactKey: Guid(3ff55326860ccdc4db0504550148e994) Importer(815301076,1909f56bfc062723c751e8b465ee728b)
Start importing Assets/Exterior_props/ShedProps/TheGamingPeople/ShedBridgeTools_and_Fences/Prefabs/Fence3.prefab using Guid(3ff55326860ccdc4db0504550148e994) Importer(815301076,1909f56bfc062723c751e8b465ee728b) [PhysX] Initialized MultithreadedTaskDispatcher with 16 workers.
[PhysX] Initialized MultithreadedTaskDispatcher with 16 workers.
 -> (artifact id: '9d0040dc707e53bf621a803d884c5467') in 0.042909 seconds
Number of updated asset objects reloaded before import = 0
Number of asset objects unloaded after import = 15
========================================================================
Received Import Request.
  Time since last request: 7.112752 seconds.
  path: Assets/Exterior_props/ShedProps/TheGamingPeople/ShedBridgeTools_and_Fences/Prefabs/LittleBox1 1.prefab
  artifactKey: Guid(68ee76a8899803640b86f31376021aa8) Importer(815301076,1909f56bfc062723c751e8b465ee728b)
Start importing Assets/Exterior_props/ShedProps/TheGamingPeople/ShedBridgeTools_and_Fences/Prefabs/LittleBox1 1.prefab using Guid(68ee76a8899803640b86f31376021aa8) Importer(815301076,1909f56bfc062723c751e8b465ee728b) [PhysX] Initialized MultithreadedTaskDispatcher with 16 workers.
[PhysX] Initialized MultithreadedTaskDispatcher with 16 workers.
 -> (artifact id: '4c317c110a55cb46259cf5844e3c781f') in 0.036511 seconds
Number of updated asset objects reloaded before import = 0
Number of asset objects unloaded after import = 15
========================================================================
Received Import Request.
  Time since last request: 0.007162 seconds.
  path: Assets/Exterior_props/ShedProps/TheGamingPeople/ShedBridgeTools_and_Fences/Prefabs/MiddleBridgePartAllLOD.prefab
  artifactKey: Guid(e550825b76c9f4a4cafd2af6ba627a45) Importer(815301076,1909f56bfc062723c751e8b465ee728b)
Start importing Assets/Exterior_props/ShedProps/TheGamingPeople/ShedBridgeTools_and_Fences/Prefabs/MiddleBridgePartAllLOD.prefab using Guid(e550825b76c9f4a4cafd2af6ba627a45) Importer(815301076,1909f56bfc062723c751e8b465ee728b) [PhysX] Initialized MultithreadedTaskDispatcher with 16 workers.
[PhysX] Initialized MultithreadedTaskDispatcher with 16 workers.
 -> (artifact id: '83f5fe865a345fd74d2bb3a986f99b50') in 0.044033 seconds
Number of updated asset objects reloaded before import = 0
Number of asset objects unloaded after import = 107
========================================================================
Received Import Request.
  Time since last request: 0.053311 seconds.
  path: Assets/Exterior_props/ShedProps/TheGamingPeople/ShedBridgeTools_and_Fences/Prefabs/PotsUpsideDown.prefab
  artifactKey: Guid(6e0ca3cc89322054fb5ae001a9081329) Importer(815301076,1909f56bfc062723c751e8b465ee728b)
Start importing Assets/Exterior_props/ShedProps/TheGamingPeople/ShedBridgeTools_and_Fences/Prefabs/PotsUpsideDown.prefab using Guid(6e0ca3cc89322054fb5ae001a9081329) Importer(815301076,1909f56bfc062723c751e8b465ee728b) [PhysX] Initialized MultithreadedTaskDispatcher with 16 workers.
[PhysX] Initialized MultithreadedTaskDispatcher with 16 workers.
 -> (artifact id: '571438f8601edd8a69b0df58d493ad4a') in 0.029007 seconds
Number of updated asset objects reloaded before import = 0
Number of asset objects unloaded after import = 15
========================================================================
Received Import Request.
  Time since last request: 1.473560 seconds.
  path: Assets/Exterior_props/ShedProps/TheGamingPeople/ShedBridgeTools_and_Fences/Prefabs/Saw.prefab
  artifactKey: Guid(c245124867324c340a935f7058728606) Importer(815301076,1909f56bfc062723c751e8b465ee728b)
Start importing Assets/Exterior_props/ShedProps/TheGamingPeople/ShedBridgeTools_and_Fences/Prefabs/Saw.prefab using Guid(c245124867324c340a935f7058728606) Importer(815301076,1909f56bfc062723c751e8b465ee728b) [PhysX] Initialized MultithreadedTaskDispatcher with 16 workers.
[PhysX] Initialized MultithreadedTaskDispatcher with 16 workers.
 -> (artifact id: 'da78abf8fb6475ac9a13ad50b8a7713e') in 0.034366 seconds
Number of updated asset objects reloaded before import = 0
Number of asset objects unloaded after import = 25
========================================================================
Received Import Request.
  Time since last request: 0.034498 seconds.
  path: Assets/Exterior_props/ShedProps/TheGamingPeople/ShedBridgeTools_and_Fences/Prefabs/ScrewDriver 1.prefab
  artifactKey: Guid(9b25f1703b9da8d4eb28fd5fe8179830) Importer(815301076,1909f56bfc062723c751e8b465ee728b)
Start importing Assets/Exterior_props/ShedProps/TheGamingPeople/ShedBridgeTools_and_Fences/Prefabs/ScrewDriver 1.prefab using Guid(9b25f1703b9da8d4eb28fd5fe8179830) Importer(815301076,1909f56bfc062723c751e8b465ee728b) [PhysX] Initialized MultithreadedTaskDispatcher with 16 workers.
[PhysX] Initialized MultithreadedTaskDispatcher with 16 workers.
 -> (artifact id: '48f78fa908d2956260d44902b60a3130') in 0.022690 seconds
Number of updated asset objects reloaded before import = 0
Number of asset objects unloaded after import = 15
========================================================================
Received Import Request.
  Time since last request: 0.035624 seconds.
  path: Assets/Exterior_props/ShedProps/TheGamingPeople/ShedBridgeTools_and_Fences/Prefabs/ScrewDriver 3.prefab
  artifactKey: Guid(26f0053b6cf04ea44af763bd2e184dfe) Importer(815301076,1909f56bfc062723c751e8b465ee728b)
Start importing Assets/Exterior_props/ShedProps/TheGamingPeople/ShedBridgeTools_and_Fences/Prefabs/ScrewDriver 3.prefab using Guid(26f0053b6cf04ea44af763bd2e184dfe) Importer(815301076,1909f56bfc062723c751e8b465ee728b) [PhysX] Initialized MultithreadedTaskDispatcher with 16 workers.
[PhysX] Initialized MultithreadedTaskDispatcher with 16 workers.
 -> (artifact id: '268ed99e02f1cb8abcf39bb2d4a76540') in 0.035744 seconds
Number of updated asset objects reloaded before import = 0
Number of asset objects unloaded after import = 15
========================================================================
Received Import Request.
  Time since last request: 0.636826 seconds.
  path: Assets/Exterior_props/ShedProps/TheGamingPeople/ShedBridgeTools_and_Fences/Prefabs/ShedAllLod.prefab
  artifactKey: Guid(fb05bdaf6898faa4fb17c88de74b56c0) Importer(815301076,1909f56bfc062723c751e8b465ee728b)
Start importing Assets/Exterior_props/ShedProps/TheGamingPeople/ShedBridgeTools_and_Fences/Prefabs/ShedAllLod.prefab using Guid(fb05bdaf6898faa4fb17c88de74b56c0) Importer(815301076,1909f56bfc062723c751e8b465ee728b) [PhysX] Initialized MultithreadedTaskDispatcher with 16 workers.
[PhysX] Initialized MultithreadedTaskDispatcher with 16 workers.
 -> (artifact id: 'b7e4c2aadb9f654be4ee1ee8d106a966') in 0.356148 seconds
Number of updated asset objects reloaded before import = 0
Number of asset objects unloaded after import = 207
========================================================================
Received Import Request.
  Time since last request: 0.498232 seconds.
  path: Assets/Exterior_props/ShedProps/TheGamingPeople/ShedBridgeTools_and_Fences/Prefabs/Spray3.prefab
  artifactKey: Guid(dd362038514b13a4c9b03c803507f71f) Importer(815301076,1909f56bfc062723c751e8b465ee728b)
Start importing Assets/Exterior_props/ShedProps/TheGamingPeople/ShedBridgeTools_and_Fences/Prefabs/Spray3.prefab using Guid(dd362038514b13a4c9b03c803507f71f) Importer(815301076,1909f56bfc062723c751e8b465ee728b) [PhysX] Initialized MultithreadedTaskDispatcher with 16 workers.
[PhysX] Initialized MultithreadedTaskDispatcher with 16 workers.
 -> (artifact id: '9cd85f04fd4a2de3775cfa24f1f32070') in 0.023341 seconds
Number of updated asset objects reloaded before import = 0
Number of asset objects unloaded after import = 15
========================================================================
Received Import Request.
  Time since last request: 0.041984 seconds.
  path: Assets/Exterior_props/ShedProps/TheGamingPeople/ShedBridgeTools_and_Fences/Prefabs/TinyBox.prefab
  artifactKey: Guid(a9895e7cf5278f44eb578d759c3a2abe) Importer(815301076,1909f56bfc062723c751e8b465ee728b)
Start importing Assets/Exterior_props/ShedProps/TheGamingPeople/ShedBridgeTools_and_Fences/Prefabs/TinyBox.prefab using Guid(a9895e7cf5278f44eb578d759c3a2abe) Importer(815301076,1909f56bfc062723c751e8b465ee728b) [PhysX] Initialized MultithreadedTaskDispatcher with 16 workers.
[PhysX] Initialized MultithreadedTaskDispatcher with 16 workers.
 -> (artifact id: '2ab46fd8718183d9f217f41a7e9e03e4') in 0.059702 seconds
Number of updated asset objects reloaded before import = 0
Number of asset objects unloaded after import = 15
========================================================================
Received Import Request.
  Time since last request: 0.003642 seconds.
  path: Assets/Exterior_props/ShedProps/TheGamingPeople/ShedBridgeTools_and_Fences/Prefabs/WoodPart1.prefab
  artifactKey: Guid(060c83fa2ec9e23438866112a53273bc) Importer(815301076,1909f56bfc062723c751e8b465ee728b)
Start importing Assets/Exterior_props/ShedProps/TheGamingPeople/ShedBridgeTools_and_Fences/Prefabs/WoodPart1.prefab using Guid(060c83fa2ec9e23438866112a53273bc) Importer(815301076,1909f56bfc062723c751e8b465ee728b) [PhysX] Initialized MultithreadedTaskDispatcher with 16 workers.
[PhysX] Initialized MultithreadedTaskDispatcher with 16 workers.
 -> (artifact id: '684702dea56c37a70bece169cd07b4c6') in 0.026773 seconds
Number of updated asset objects reloaded before import = 0
Number of asset objects unloaded after import = 15
========================================================================
Received Import Request.
  Time since last request: 8.588703 seconds.
  path: Assets/Exterior_props/ShedProps/TheGamingPeople/ShedBridgeTools_and_Fences/Prefabs/Wrench.prefab
  artifactKey: Guid(1b6247246e1a0be4faba5ea8b45b6523) Importer(815301076,1909f56bfc062723c751e8b465ee728b)
Start importing Assets/Exterior_props/ShedProps/TheGamingPeople/ShedBridgeTools_and_Fences/Prefabs/Wrench.prefab using Guid(1b6247246e1a0be4faba5ea8b45b6523) Importer(815301076,1909f56bfc062723c751e8b465ee728b) [PhysX] Initialized MultithreadedTaskDispatcher with 16 workers.
[PhysX] Initialized MultithreadedTaskDispatcher with 16 workers.
 -> (artifact id: '8f7a1a9cb48d2fa2f42b2a73657c7868') in 0.038221 seconds
Number of updated asset objects reloaded before import = 0
Number of asset objects unloaded after import = 15
