Using pre-set license
Built from '2022.3/staging' branch; Version is '2022.3.43f1 (85497d293fa1) revision 8735101'; Using compiler version '192829333'; Build Type 'Release'
OS: 'Windows 11  (10.0.22631) 64bit Core' Language: 'no' Physical Memory: 14198 MB
BatchMode: 1, IsHumanControllingUs: 0, StartBugReporterOnCrash: 0, Is64bit: 1, IsPro: 1

COMMAND LINE ARGUMENTS:
C:\Program Files\Unity\Hub\Editor\2022.3.43f1\Editor\Unity.exe
-adb2
-batchMode
-noUpm
-name
AssetImportWorker3
-projectPath
C:/Users/sande/Trying-out-for-rootless/Trying out for rootless
-logFile
Logs/AssetImportWorker3.log
-srvPort
51366
Successfully changed project path to: C:/Users/sande/Trying-out-for-rootless/Trying out for rootless
C:/Users/sande/Trying-out-for-rootless/Trying out for rootless
[UnityMemory] Configuration Parameters - Can be set up in boot.config
    "memorysetup-bucket-allocator-granularity=16"
    "memorysetup-bucket-allocator-bucket-count=8"
    "memorysetup-bucket-allocator-block-size=33554432"
    "memorysetup-bucket-allocator-block-count=8"
    "memorysetup-main-allocator-block-size=16777216"
    "memorysetup-thread-allocator-block-size=16777216"
    "memorysetup-gfx-main-allocator-block-size=16777216"
    "memorysetup-gfx-thread-allocator-block-size=16777216"
    "memorysetup-cache-allocator-block-size=4194304"
    "memorysetup-typetree-allocator-block-size=2097152"
    "memorysetup-profiler-bucket-allocator-granularity=16"
    "memorysetup-profiler-bucket-allocator-bucket-count=8"
    "memorysetup-profiler-bucket-allocator-block-size=33554432"
    "memorysetup-profiler-bucket-allocator-block-count=8"
    "memorysetup-profiler-allocator-block-size=16777216"
    "memorysetup-profiler-editor-allocator-block-size=1048576"
    "memorysetup-temp-allocator-size-main=16777216"
    "memorysetup-job-temp-allocator-block-size=2097152"
    "memorysetup-job-temp-allocator-block-size-background=1048576"
    "memorysetup-job-temp-allocator-reduction-small-platforms=262144"
    "memorysetup-allocator-temp-initial-block-size-main=262144"
    "memorysetup-allocator-temp-initial-block-size-worker=262144"
    "memorysetup-temp-allocator-size-background-worker=32768"
    "memorysetup-temp-allocator-size-job-worker=262144"
    "memorysetup-temp-allocator-size-preload-manager=33554432"
    "memorysetup-temp-allocator-size-nav-mesh-worker=65536"
    "memorysetup-temp-allocator-size-audio-worker=65536"
    "memorysetup-temp-allocator-size-cloud-worker=32768"
    "memorysetup-temp-allocator-size-gi-baking-worker=262144"
    "memorysetup-temp-allocator-size-gfx=262144"
Player connection [31164]  Target information:

Player connection [31164]  * "[IP] 192.168.227.1 [Port] 0 [Flags] 2 [Guid] 476397647 [EditorId] 476397647 [Version] 1048832 [Id] WindowsEditor(7,Lenovo1) [Debug] 1 [PackageName] WindowsEditor [ProjectName] Editor" 

Player connection [31164]  * "[IP] 192.168.40.1 [Port] 0 [Flags] 2 [Guid] 476397647 [EditorId] 476397647 [Version] 1048832 [Id] WindowsEditor(7,Lenovo1) [Debug] 1 [PackageName] WindowsEditor [ProjectName] Editor" 

Player connection [31164]  * "[IP] 172.29.78.88 [Port] 0 [Flags] 2 [Guid] 476397647 [EditorId] 476397647 [Version] 1048832 [Id] WindowsEditor(7,Lenovo1) [Debug] 1 [PackageName] WindowsEditor [ProjectName] Editor" 

Player connection [31164] Host joined multi-casting on [225.0.0.222:54997]...
Player connection [31164] Host joined alternative multi-casting on [225.0.0.222:34997]...
[PhysX] Initialized MultithreadedTaskDispatcher with 16 workers.
Refreshing native plugins compatible for Editor in 16.39 ms, found 3 plugins.
Preloading 0 native plugins for Editor in 0.00 ms.
Initialize engine version: 2022.3.43f1 (85497d293fa1)
[Subsystems] Discovering subsystems at path C:/Program Files/Unity/Hub/Editor/2022.3.43f1/Editor/Data/Resources/UnitySubsystems
[Subsystems] Discovering subsystems at path C:/Users/sande/Trying-out-for-rootless/Trying out for rootless/Assets
GfxDevice: creating device client; threaded=0; jobified=0
Direct3D:
    Version:  Direct3D 11.0 [level 11.1]
    Renderer: AMD Radeon(TM) Graphics (ID=0x1638)
    Vendor:   ATI
    VRAM:     7099 MB
    Driver:   31.0.12044.47003
Initialize mono
Mono path[0] = 'C:/Program Files/Unity/Hub/Editor/2022.3.43f1/Editor/Data/Managed'
Mono path[1] = 'C:/Program Files/Unity/Hub/Editor/2022.3.43f1/Editor/Data/MonoBleedingEdge/lib/mono/unityjit-win32'
Mono config path = 'C:/Program Files/Unity/Hub/Editor/2022.3.43f1/Editor/Data/MonoBleedingEdge/etc'
Using monoOptions --debugger-agent=transport=dt_socket,embedding=1,server=y,suspend=n,address=127.0.0.1:56432
Begin MonoManager ReloadAssembly
Registering precompiled unity dll's ...
Register platform support module: C:/Program Files/Unity/Hub/Editor/2022.3.43f1/Editor/Data/PlaybackEngines/WebGLSupport/UnityEditor.WebGL.Extensions.dll
Register platform support module: C:/Program Files/Unity/Hub/Editor/2022.3.43f1/Editor/Data/PlaybackEngines/WindowsStandaloneSupport/UnityEditor.WindowsStandalone.Extensions.dll
Registered in 0.015437 seconds.
- Loaded All Assemblies, in  0.562 seconds
Native extension for WindowsStandalone target not found
Native extension for WebGL target not found
Mono: successfully reloaded assembly
- Finished resetting the current domain, in  0.368 seconds
Domain Reload Profiling: 928ms
	BeginReloadAssembly (215ms)
		ExecutionOrderSort (0ms)
		DisableScriptedObjects (0ms)
		BackupInstance (0ms)
		ReleaseScriptingObjects (0ms)
		CreateAndSetChildDomain (1ms)
	RebuildCommonClasses (60ms)
	RebuildNativeTypeToScriptingClass (13ms)
	initialDomainReloadingComplete (89ms)
	LoadAllAssembliesAndSetupDomain (182ms)
		LoadAssemblies (211ms)
		RebuildTransferFunctionScriptingTraits (0ms)
		AnalyzeDomain (179ms)
			TypeCache.Refresh (177ms)
				TypeCache.ScanAssembly (159ms)
			ScanForSourceGeneratedMonoScriptInfo (1ms)
			ResolveRequiredComponents (1ms)
	FinalizeReload (369ms)
		ReleaseScriptCaches (0ms)
		RebuildScriptCaches (0ms)
		SetupLoadedEditorAssemblies (300ms)
			LogAssemblyErrors (0ms)
			InitializePlatformSupportModulesInManaged (15ms)
			SetLoadedEditorAssemblies (7ms)
			RefreshPlugins (0ms)
			BeforeProcessingInitializeOnLoad (3ms)
			ProcessInitializeOnLoadAttributes (201ms)
			ProcessInitializeOnLoadMethodAttributes (74ms)
			AfterProcessingInitializeOnLoad (0ms)
			EditorAssembliesLoaded (0ms)
		ExecutionOrderSort2 (0ms)
		AwakeInstancesAfterBackupRestoration (0ms)
========================================================================
Worker process is ready to serve import requests
Caller must complete domain reload
Begin MonoManager ReloadAssembly
Symbol file data-000002A17936D010 doesn't match image C:\Users\sande\Trying-out-for-rootless\Trying out for rootless\Library\ScriptAssemblies\Unity.Timeline.dll
Symbol file LoadedFromMemory is not a mono symbol file
Symbol file data-000002A179525890 doesn't match image C:\Users\sande\Trying-out-for-rootless\Trying out for rootless\Library\ScriptAssemblies\Unity.TestTools.CodeCoverage.Editor.OpenCover.Mono.Reflection.dll
Symbol file LoadedFromMemory is not a mono symbol file
Symbol file data-000002A15750EC50 doesn't match image C:\Users\sande\Trying-out-for-rootless\Trying out for rootless\Library\ScriptAssemblies\UnityEngine.UI.dll
Symbol file LoadedFromMemory is not a mono symbol file
Symbol file data-000002A179525890 doesn't match image C:\Users\sande\Trying-out-for-rootless\Trying out for rootless\Library\ScriptAssemblies\Unity.EditorCoroutines.Editor.dll
Symbol file LoadedFromMemory is not a mono symbol file
Symbol file data-000002A17ABBE010 doesn't match image C:\Users\sande\Trying-out-for-rootless\Trying out for rootless\Library\ScriptAssemblies\Unity.VisualScripting.SettingsProvider.Editor.dll
Symbol file LoadedFromMemory is not a mono symbol file
Symbol file data-000002A179DA9010 doesn't match image C:\Users\sande\Trying-out-for-rootless\Trying out for rootless\Library\ScriptAssemblies\Unity.Performance.Profile-Analyzer.Editor.dll
Symbol file LoadedFromMemory is not a mono symbol file
Symbol file data-000002A179DCA220 doesn't match image C:\Users\sande\Trying-out-for-rootless\Trying out for rootless\Library\ScriptAssemblies\Unity.TestTools.CodeCoverage.Editor.dll
Symbol file LoadedFromMemory is not a mono symbol file
Symbol file data-000002A157550060 doesn't match image C:\Users\sande\Trying-out-for-rootless\Trying out for rootless\Library\ScriptAssemblies\Unity.TestTools.CodeCoverage.Editor.OpenCover.Model.dll
Symbol file LoadedFromMemory is not a mono symbol file
Symbol file data-000002A17A56E020 doesn't match image C:\Users\sande\Trying-out-for-rootless\Trying out for rootless\Library\ScriptAssemblies\Unity.PlasticSCM.Editor.dll
Symbol file LoadedFromMemory is not a mono symbol file
Symbol file data-000002A179DCA220 doesn't match image C:\Users\sande\Trying-out-for-rootless\Trying out for rootless\Library\ScriptAssemblies\UnityEngine.TestRunner.dll
Symbol file LoadedFromMemory is not a mono symbol file
Symbol file data-000002A157550060 doesn't match image C:\Users\sande\Trying-out-for-rootless\Trying out for rootless\Library\ScriptAssemblies\Unity.VisualScripting.State.Editor.dll
Symbol file LoadedFromMemory is not a mono symbol file
Symbol file data-000002A17A56E020 doesn't match image C:\Users\sande\Trying-out-for-rootless\Trying out for rootless\Library\ScriptAssemblies\Unity.Timeline.Editor.dll
Symbol file LoadedFromMemory is not a mono symbol file
Symbol file data-000002A1797FB630 doesn't match image C:\Users\sande\Trying-out-for-rootless\Trying out for rootless\Library\ScriptAssemblies\Unity.Settings.Editor.dll
Symbol file LoadedFromMemory is not a mono symbol file
Symbol file data-000002A1797FB630 doesn't match image C:\Users\sande\Trying-out-for-rootless\Trying out for rootless\Library\ScriptAssemblies\Unity.VisualScripting.Shared.Editor.dll
Symbol file LoadedFromMemory is not a mono symbol file
Symbol file data-000002A1797FB630 doesn't match image C:\Users\sande\Trying-out-for-rootless\Trying out for rootless\Library\ScriptAssemblies\Unity.CollabProxy.Editor.dll
Symbol file LoadedFromMemory is not a mono symbol file
Symbol file data-000002A179DE2A30 doesn't match image C:\Users\sande\Trying-out-for-rootless\Trying out for rootless\Library\ScriptAssemblies\Unity.VisualStudio.Editor.dll
Symbol file LoadedFromMemory is not a mono symbol file
Symbol file data-000002A17A56E020 doesn't match image C:\Users\sande\Trying-out-for-rootless\Trying out for rootless\Library\ScriptAssemblies\Unity.TextMeshPro.dll
Symbol file LoadedFromMemory is not a mono symbol file
Symbol file data-000002A17A56E020 doesn't match image C:\Users\sande\Trying-out-for-rootless\Trying out for rootless\Library\ScriptAssemblies\Unity.VisualScripting.Core.dll
Symbol file LoadedFromMemory is not a mono symbol file
Symbol file data-000002A179DE2A30 doesn't match image C:\Users\sande\Trying-out-for-rootless\Trying out for rootless\Library\ScriptAssemblies\Unity.TextMeshPro.Editor.dll
Symbol file LoadedFromMemory is not a mono symbol file
Symbol file data-000002A1797FB630 doesn't match image C:\Users\sande\Trying-out-for-rootless\Trying out for rootless\Library\ScriptAssemblies\UnityEditor.UI.dll
Symbol file LoadedFromMemory is not a mono symbol file
Symbol file data-000002A135BDA010 doesn't match image C:\Users\sande\Trying-out-for-rootless\Trying out for rootless\Library\ScriptAssemblies\Unity.VisualScripting.Core.Editor.dll
Symbol file LoadedFromMemory is not a mono symbol file
Symbol file data-000002A1797FB630 doesn't match image C:\Users\sande\Trying-out-for-rootless\Trying out for rootless\Library\ScriptAssemblies\Unity.Rider.Editor.dll
Symbol file LoadedFromMemory is not a mono symbol file
Symbol file data-000002A1576E6420 doesn't match image C:\Users\sande\Trying-out-for-rootless\Trying out for rootless\Library\ScriptAssemblies\Unity.VisualScripting.State.dll
Symbol file LoadedFromMemory is not a mono symbol file
Symbol file data-000002A1576E6420 doesn't match image C:\Users\sande\Trying-out-for-rootless\Trying out for rootless\Library\ScriptAssemblies\Unity.VSCode.Editor.dll
Symbol file LoadedFromMemory is not a mono symbol file
Symbol file data-000002A1575EC550 doesn't match image C:\Users\sande\Trying-out-for-rootless\Trying out for rootless\Library\ScriptAssemblies\UnityEditor.TestRunner.dll
Symbol file LoadedFromMemory is not a mono symbol file
Symbol file data-000002A156DC8CE0 doesn't match image C:\Users\sande\Trying-out-for-rootless\Trying out for rootless\Library\ScriptAssemblies\Unity.VisualScripting.Flow.dll
Symbol file LoadedFromMemory is not a mono symbol file
Symbol file data-000002A156E1BAF0 doesn't match image C:\Users\sande\Trying-out-for-rootless\Trying out for rootless\Library\ScriptAssemblies\Unity.VisualScripting.Flow.Editor.dll
Symbol file LoadedFromMemory is not a mono symbol file
- Loaded All Assemblies, in  1.120 seconds
Native extension for WindowsStandalone target not found
Native extension for WebGL target not found
Package Manager log level set to [2]
[Package Manager] Server::EnsureServerProcessIsRunning -- launch failed, reason: Unity was launched with the -noUpm command-line argument
[Package Manager] UpmClient::Send -- Unable to send message (not connected to UPM process).
[Package Manager] Cannot connect to Unity Package Manager local server
Mono: successfully reloaded assembly
- Finished resetting the current domain, in  1.016 seconds
Domain Reload Profiling: 2130ms
	BeginReloadAssembly (225ms)
		ExecutionOrderSort (0ms)
		DisableScriptedObjects (7ms)
		BackupInstance (0ms)
		ReleaseScriptingObjects (0ms)
		CreateAndSetChildDomain (31ms)
	RebuildCommonClasses (62ms)
	RebuildNativeTypeToScriptingClass (15ms)
	initialDomainReloadingComplete (65ms)
	LoadAllAssembliesAndSetupDomain (747ms)
		LoadAssemblies (643ms)
		RebuildTransferFunctionScriptingTraits (0ms)
		AnalyzeDomain (244ms)
			TypeCache.Refresh (217ms)
				TypeCache.ScanAssembly (195ms)
			ScanForSourceGeneratedMonoScriptInfo (18ms)
			ResolveRequiredComponents (7ms)
	FinalizeReload (1017ms)
		ReleaseScriptCaches (0ms)
		RebuildScriptCaches (0ms)
		SetupLoadedEditorAssemblies (794ms)
			LogAssemblyErrors (0ms)
			InitializePlatformSupportModulesInManaged (12ms)
			SetLoadedEditorAssemblies (7ms)
			RefreshPlugins (0ms)
			BeforeProcessingInitializeOnLoad (108ms)
			ProcessInitializeOnLoadAttributes (614ms)
			ProcessInitializeOnLoadMethodAttributes (40ms)
			AfterProcessingInitializeOnLoad (13ms)
			EditorAssembliesLoaded (0ms)
		ExecutionOrderSort2 (0ms)
		AwakeInstancesAfterBackupRestoration (13ms)
Launched and connected shader compiler UnityShaderCompiler.exe after 0.12 seconds
Refreshing native plugins compatible for Editor in 8.07 ms, found 3 plugins.
Preloading 0 native plugins for Editor in 0.00 ms.
Unloading 3091 Unused Serialized files (Serialized files now loaded: 0)
Unloading 19 unused Assets / (54.5 KB). Loaded Objects now: 3557.
Memory consumption went from 119.9 MB to 119.9 MB.
Total: 5.662400 ms (FindLiveObjects: 0.361400 ms CreateObjectMapping: 0.130900 ms MarkObjects: 5.038000 ms  DeleteObjects: 0.130200 ms)

AssetImportParameters requested are different than current active one (requested -> active):
  custom:container-demuxer-ogg: 62fdf1f143b41e24485cea50d1cbac27 -> 
  custom:video-codec-MediaFoundation-h265: 746d11721c4dcdbdad8f713fa42b33f4 -> 
  custom:video-decoder-ogg-theora: a1e56fd34408186e4bbccfd4996cb3dc -> 
  custom:framework-win-MediaFoundation: 216162199b28c13a410421893ffa2e32 -> 
  custom:CustomObjectIndexerAttribute: 9a22284fe3817be447336de3de66b15e -> 
  custom:container-demuxer-webm: 4f35f7cbe854078d1ac9338744f61a02 -> 
  custom:container-muxer-webm: aa71ff27fc2769a1b78a27578f13a17b -> 
  custom:video-decoder-webm-vp8: 9c59270c3fd7afecdb556c50c9e8de78 -> 
  custom:SearchIndexIgnoredProperties: e643bd26f0fe6173181afceb89e7c659 -> 
  custom:AudioImporter_EditorPlatform: d09bf68614088b80899f8185d706f6e7 -> 
  custom:video-encoder-webm-vp8: eb34c28f22e8b96e1ab97ce403110664 -> 
  custom:audio-decoder-ogg-vorbis: bf7c407c2cedff20999df2af8eb42d56 -> 
  custom:audio-encoder-webm-vorbis: bf7c407c2cedff20999df2af8eb42d56 -> 
========================================================================
Received Import Request.
  Time since last request: 1203446.107373 seconds.
  path: Assets/Exterior_props/ShedProps/TheGamingPeople/Courtyard_and_Entrance/Entry2/Entry 2 Modular FBX/HangingCandleStick/HangingCandlestickTextures/Glass_AlbedoTransparency.png
  artifactKey: Guid(76b66812642c34a47bdc45a5a1d19680) Importer(815301076,1909f56bfc062723c751e8b465ee728b)
Start importing Assets/Exterior_props/ShedProps/TheGamingPeople/Courtyard_and_Entrance/Entry2/Entry 2 Modular FBX/HangingCandleStick/HangingCandlestickTextures/Glass_AlbedoTransparency.png using Guid(76b66812642c34a47bdc45a5a1d19680) Importer(815301076,1909f56bfc062723c751e8b465ee728b) [PhysX] Initialized MultithreadedTaskDispatcher with 16 workers.
[PhysX] Initialized MultithreadedTaskDispatcher with 16 workers.
 -> (artifact id: '96e8fab2386b4ec5c566c874dcb05834') in 0.136915 seconds
Number of updated asset objects reloaded before import = 0
Number of asset objects unloaded after import = 2
========================================================================
Received Import Request.
  Time since last request: 0.000061 seconds.
  path: Assets/Exterior_props/ShedProps/TheGamingPeople/Courtyard_and_Entrance/Entry2/Entry 2 Modular FBX/HangingCandleStick/HangingCandlestickTextures/Hanging Candlestick_AO.png
  artifactKey: Guid(72d8801e4212b2242b0f6209f3a9c7fe) Importer(815301076,1909f56bfc062723c751e8b465ee728b)
Start importing Assets/Exterior_props/ShedProps/TheGamingPeople/Courtyard_and_Entrance/Entry2/Entry 2 Modular FBX/HangingCandleStick/HangingCandlestickTextures/Hanging Candlestick_AO.png using Guid(72d8801e4212b2242b0f6209f3a9c7fe) Importer(815301076,1909f56bfc062723c751e8b465ee728b) [PhysX] Initialized MultithreadedTaskDispatcher with 16 workers.
[PhysX] Initialized MultithreadedTaskDispatcher with 16 workers.
 -> (artifact id: '2a8bdcf8ed0d13e5612c46127e06927d') in 0.026270 seconds
Number of updated asset objects reloaded before import = 0
Number of asset objects unloaded after import = 2
========================================================================
Received Import Request.
  Time since last request: 0.000028 seconds.
  path: Assets/Exterior_props/ShedProps/TheGamingPeople/Courtyard_and_Entrance/Entry2/Entry 2 Modular FBX/HangingCandleStick/HangingCandlestickTextures/Hanging Candlestick_Normal.png
  artifactKey: Guid(4ed941f0c894ca54d9555ef3b5184dd0) Importer(815301076,1909f56bfc062723c751e8b465ee728b)
Start importing Assets/Exterior_props/ShedProps/TheGamingPeople/Courtyard_and_Entrance/Entry2/Entry 2 Modular FBX/HangingCandleStick/HangingCandlestickTextures/Hanging Candlestick_Normal.png using Guid(4ed941f0c894ca54d9555ef3b5184dd0) Importer(815301076,1909f56bfc062723c751e8b465ee728b) [PhysX] Initialized MultithreadedTaskDispatcher with 16 workers.
[PhysX] Initialized MultithreadedTaskDispatcher with 16 workers.
 -> (artifact id: 'cf98a17964cb59d08892d09164dc1709') in 0.084977 seconds
Number of updated asset objects reloaded before import = 0
Number of asset objects unloaded after import = 2
========================================================================
Received Import Request.
  Time since last request: 0.000041 seconds.
  path: Assets/Exterior_props/ShedProps/TheGamingPeople/Courtyard_and_Entrance/Entry2/Entry 2 Modular FBX/HangingCandleStick/HangingCandlestickTextures/Emissiv_AlbedoTransparency.png
  artifactKey: Guid(ba85430513d7a6443b3393b757131353) Importer(815301076,1909f56bfc062723c751e8b465ee728b)
Start importing Assets/Exterior_props/ShedProps/TheGamingPeople/Courtyard_and_Entrance/Entry2/Entry 2 Modular FBX/HangingCandleStick/HangingCandlestickTextures/Emissiv_AlbedoTransparency.png using Guid(ba85430513d7a6443b3393b757131353) Importer(815301076,1909f56bfc062723c751e8b465ee728b) [PhysX] Initialized MultithreadedTaskDispatcher with 16 workers.
[PhysX] Initialized MultithreadedTaskDispatcher with 16 workers.
 -> (artifact id: '5ce0c1a6ebb3d998b65bd05037815bcf') in 0.023794 seconds
Number of updated asset objects reloaded before import = 0
Number of asset objects unloaded after import = 2
========================================================================
Received Import Request.
  Time since last request: 44.627657 seconds.
  path: Assets/Exterior_props/ShedProps/TheGamingPeople/Courtyard_and_Entrance/Entry2/Entry 2 Modular FBX/Pillar/Pillar Texture/Entry 2 Pilar_Pilars_Normal.png
  artifactKey: Guid(a1d41cd6bd9b50748829b9e4f48b5aa8) Importer(815301076,1909f56bfc062723c751e8b465ee728b)
Start importing Assets/Exterior_props/ShedProps/TheGamingPeople/Courtyard_and_Entrance/Entry2/Entry 2 Modular FBX/Pillar/Pillar Texture/Entry 2 Pilar_Pilars_Normal.png using Guid(a1d41cd6bd9b50748829b9e4f48b5aa8) Importer(815301076,1909f56bfc062723c751e8b465ee728b) [PhysX] Initialized MultithreadedTaskDispatcher with 16 workers.
[PhysX] Initialized MultithreadedTaskDispatcher with 16 workers.
 -> (artifact id: '57dc92bf580918f644a5a918d662a66e') in 0.036411 seconds
Number of updated asset objects reloaded before import = 0
Number of asset objects unloaded after import = 2
========================================================================
Received Import Request.
  Time since last request: 7.023625 seconds.
  path: Assets/Exterior_props/ShedProps/TheGamingPeople/Courtyard_and_Entrance/Entry2/Entry 2 Modular FBX/Walls/Entry 2 Wall 4.fbx
  artifactKey: Guid(a5d8b11276743b746a10a3a2591b5fd5) Importer(815301076,1909f56bfc062723c751e8b465ee728b)
Start importing Assets/Exterior_props/ShedProps/TheGamingPeople/Courtyard_and_Entrance/Entry2/Entry 2 Modular FBX/Walls/Entry 2 Wall 4.fbx using Guid(a5d8b11276743b746a10a3a2591b5fd5) Importer(815301076,1909f56bfc062723c751e8b465ee728b) [PhysX] Initialized MultithreadedTaskDispatcher with 16 workers.
[PhysX] Initialized MultithreadedTaskDispatcher with 16 workers.
[PhysX] Initialized MultithreadedTaskDispatcher with 16 workers.
 -> (artifact id: 'f7e905c55eed0fdc39c9e80ee97af8f2') in 0.340745 seconds
Number of updated asset objects reloaded before import = 0
Number of asset objects unloaded after import = 11
========================================================================
Received Import Request.
  Time since last request: 0.000101 seconds.
  path: Assets/Exterior_props/ShedProps/TheGamingPeople/Courtyard_and_Entrance/Entry2/Entry 2 Modular FBX/Walls/Wall 2.mat
  artifactKey: Guid(b66d386f875327042951699b8c78571a) Importer(815301076,1909f56bfc062723c751e8b465ee728b)
Start importing Assets/Exterior_props/ShedProps/TheGamingPeople/Courtyard_and_Entrance/Entry2/Entry 2 Modular FBX/Walls/Wall 2.mat using Guid(b66d386f875327042951699b8c78571a) Importer(815301076,1909f56bfc062723c751e8b465ee728b) [PhysX] Initialized MultithreadedTaskDispatcher with 16 workers.
[PhysX] Initialized MultithreadedTaskDispatcher with 16 workers.
 -> (artifact id: '7faa72008c280a36247a62aa8b912961') in 0.050154 seconds
Number of updated asset objects reloaded before import = 0
Number of asset objects unloaded after import = 4
========================================================================
Received Import Request.
  Time since last request: 41.473108 seconds.
  path: Assets/Exterior_props/ShedProps/TheGamingPeople/ShedBridgeTools_and_Fences/Prefabs/BridgeFirstPartAllLOD.prefab
  artifactKey: Guid(3b6e2b17278f80e40887b0aff9ecccfa) Importer(815301076,1909f56bfc062723c751e8b465ee728b)
Start importing Assets/Exterior_props/ShedProps/TheGamingPeople/ShedBridgeTools_and_Fences/Prefabs/BridgeFirstPartAllLOD.prefab using Guid(3b6e2b17278f80e40887b0aff9ecccfa) Importer(815301076,1909f56bfc062723c751e8b465ee728b) [PhysX] Initialized MultithreadedTaskDispatcher with 16 workers.
[PhysX] Initialized MultithreadedTaskDispatcher with 16 workers.
 -> (artifact id: '57b02067a6ed6d9aff045ce694f5146b') in 0.414058 seconds
Number of updated asset objects reloaded before import = 0
Number of asset objects unloaded after import = 100
========================================================================
Received Import Request.
  Time since last request: 0.000055 seconds.
  path: Assets/Exterior_props/ShedProps/TheGamingPeople/ShedBridgeTools_and_Fences/Prefabs/FullBridge.prefab
  artifactKey: Guid(a1df4b9f785e074449e4a29f24816a39) Importer(815301076,1909f56bfc062723c751e8b465ee728b)
Start importing Assets/Exterior_props/ShedProps/TheGamingPeople/ShedBridgeTools_and_Fences/Prefabs/FullBridge.prefab using Guid(a1df4b9f785e074449e4a29f24816a39) Importer(815301076,1909f56bfc062723c751e8b465ee728b) [PhysX] Initialized MultithreadedTaskDispatcher with 16 workers.
[PhysX] Initialized MultithreadedTaskDispatcher with 16 workers.
 -> (artifact id: '6e1516de03cdf601f276218d3fe4270e') in 0.307709 seconds
Number of updated asset objects reloaded before import = 0
Number of asset objects unloaded after import = 370
========================================================================
Received Import Request.
  Time since last request: 9.636639 seconds.
  path: Assets/Exterior_props/ShedProps/TheGamingPeople/ShedBridgeTools_and_Fences/Prefabs/Sickle.prefab
  artifactKey: Guid(664e4fe5307f53846a375f35fd65f35f) Importer(815301076,1909f56bfc062723c751e8b465ee728b)
Start importing Assets/Exterior_props/ShedProps/TheGamingPeople/ShedBridgeTools_and_Fences/Prefabs/Sickle.prefab using Guid(664e4fe5307f53846a375f35fd65f35f) Importer(815301076,1909f56bfc062723c751e8b465ee728b) [PhysX] Initialized MultithreadedTaskDispatcher with 16 workers.
[PhysX] Initialized MultithreadedTaskDispatcher with 16 workers.
 -> (artifact id: '2e2be43bd61579e7867cc5517375a262') in 0.087423 seconds
Number of updated asset objects reloaded before import = 0
Number of asset objects unloaded after import = 26
========================================================================
Received Import Request.
  Time since last request: 0.000081 seconds.
  path: Assets/Exterior_props/ShedProps/TheGamingPeople/ShedBridgeTools_and_Fences/Prefabs/Spray1.prefab
  artifactKey: Guid(d102bac42b060cd43ab260ae556f2f3d) Importer(815301076,1909f56bfc062723c751e8b465ee728b)
Start importing Assets/Exterior_props/ShedProps/TheGamingPeople/ShedBridgeTools_and_Fences/Prefabs/Spray1.prefab using Guid(d102bac42b060cd43ab260ae556f2f3d) Importer(815301076,1909f56bfc062723c751e8b465ee728b) [PhysX] Initialized MultithreadedTaskDispatcher with 16 workers.
[PhysX] Initialized MultithreadedTaskDispatcher with 16 workers.
 -> (artifact id: '4a881c910b5b0b4928591dc6a49ee744') in 0.038109 seconds
Number of updated asset objects reloaded before import = 0
Number of asset objects unloaded after import = 15
Editor requested this worker to shutdown with reason: Scaling down because of idle timeout
TcpMessagingSession - receive error: operation aborted. errorcode: 995, details: I/U-operasjonen er blitt avsluttet på grunn av en trådavslutning eller en forespørsel fra et program.
AssetImportWorker is now disconnected from the server
Process exiting
Exiting without the bug reporter. Application will terminate with return code 0